<?xml version="1.0" encoding="UTF-8"?>
<testsuite xmlns:xsi="http://www.w3.org/2001/XMLSchema-instance" xsi:noNamespaceSchemaLocation="https://maven.apache.org/surefire/maven-surefire-plugin/xsd/surefire-test-report.xsd" version="3.0.2" name="com.uniminuto.velvet.VelvetApplicationTests" time="8.334" tests="1" errors="0" skipped="0" failures="0">
  <properties>
[...]
</properties>
  <testcase name="contextLoads" classname="com.uniminuto.velvet.VelvetApplicationTests" time="0.618">
    <system-out><![CDATA[Standard Commons Logging discovery in action with spring-jcl: please remove commons-logging.jar from classpath in order to avoid potential conflicts
13:54:59.087 [main] INFO org.springframework.test.context.support.AnnotationConfigContextLoaderUtils -- Could not detect default configuration classes for test class [com.uniminuto.velvet.VelvetApplicationTests]: VelvetApplicationTests does not declare any static, non-private, non-final, nested classes annotated with @Configuration.
13:54:59.257 [main] INFO org.springframework.boot.test.context.SpringBootTestContextBootstrapper -- Found @SpringBootConfiguration com.uniminuto.velvet.VelvetApplication for test class com.uniminuto.velvet.VelvetApplicationTests

  .   ____          _            __ _ _
 /\\ / ___'_ __ _ _(_)_ __  __ _ \ \ \ \
( ( )\___ | '_ | '_| | '_ \/ _` | \ \ \ \
 \\/  ___)| |_)| | | | | || (_| |  ) ) ) )
  '  |____| .__|_| |_|_| |_\__, | / / / /
 =========|_|==============|___/=/_/_/_/

 :: Spring Boot ::                (v3.4.4)

2025-03-22T13:54:59.933-05:00  INFO 18924 --- [velvet] [           main] c.u.velvet.VelvetApplicationTests        : Starting VelvetApplicationTests using Java 21.0.5 with PID 18924 (started by andre in C:\Users\andre\OneDrive\Escritorio\velvet)
2025-03-22T13:54:59.935-05:00  INFO 18924 --- [velvet] [           main] c.u.velvet.VelvetApplicationTests        : No active profile set, falling back to 1 default profile: "default"
2025-03-22T13:55:01.381-05:00  INFO 18924 --- [velvet] [           main] .s.d.r.c.RepositoryConfigurationDelegate : Bootstrapping Spring Data JPA repositories in DEFAULT mode.
2025-03-22T13:55:01.445-05:00  INFO 18924 --- [velvet] [           main] .s.d.r.c.RepositoryConfigurationDelegate : Finished Spring Data repository scanning in 45 ms. Found 0 JPA repository interfaces.
2025-03-22T13:55:02.190-05:00  INFO 18924 --- [velvet] [           main] o.hibernate.jpa.internal.util.LogHelper  : HHH000204: Processing PersistenceUnitInfo [name: default]
2025-03-22T13:55:02.333-05:00  INFO 18924 --- [velvet] [           main] org.hibernate.Version                    : HHH000412: Hibernate ORM core version 6.6.11.Final
2025-03-22T13:55:02.409-05:00  INFO 18924 --- [velvet] [           main] o.h.c.internal.RegionFactoryInitiator    : HHH000026: Second-level cache disabled
2025-03-22T13:55:02.962-05:00  INFO 18924 --- [velvet] [           main] o.s.o.j.p.SpringPersistenceUnitInfo      : No LoadTimeWeaver setup: ignoring JPA class transformer
2025-03-22T13:55:03.006-05:00  INFO 18924 --- [velvet] [           main] com.zaxxer.hikari.HikariDataSource       : HikariPool-1 - Starting...
2025-03-22T13:55:03.271-05:00  INFO 18924 --- [velvet] [           main] com.zaxxer.hikari.pool.HikariPool        : HikariPool-1 - Added connection org.postgresql.jdbc.PgConnection@1a536164
2025-03-22T13:55:03.273-05:00  INFO 18924 --- [velvet] [           main] com.zaxxer.hikari.HikariDataSource       : HikariPool-1 - Start completed.
2025-03-22T13:55:03.324-05:00  WARN 18924 --- [velvet] [           main] org.hibernate.orm.deprecation            : HHH90000025: PostgreSQLDialect does not need to be specified explicitly using 'hibernate.dialect' (remove the property setting and it will be selected by default)
2025-03-22T13:55:03.360-05:00  INFO 18924 --- [velvet] [           main] org.hibernate.orm.connections.pooling    : HHH10001005: Database info:
	Database JDBC URL [Connecting through datasource 'HikariDataSource (HikariPool-1)']
	Database driver: undefined/unknown
	Database version: 17.2
	Autocommit mode: undefined/unknown
	Isolation level: undefined/unknown
	Minimum pool size: undefined/unknown
	Maximum pool size: undefined/unknown
2025-03-22T13:55:05.103-05:00  INFO 18924 --- [velvet] [           main] o.h.e.t.j.p.i.JtaPlatformInitiator       : HHH000489: No JTA platform available (set 'hibernate.transaction.jta.platform' to enable JTA platform integration)
Hibernate: 
    set client_min_messages = WARNING
Hibernate: 
    alter table if exists inventory_limits 
       drop constraint if exists FKcxop6lvbubhk69jo3gft7djpi
Hibernate: 
    alter table if exists inventory_limits 
       drop constraint if exists FK1u6gb2mxjeyeo5txttc4mtx13
Hibernate: 
    alter table if exists inventory_movements 
       drop constraint if exists FKo5wo5rt3i3bvxti09ohclqs06
Hibernate: 
    alter table if exists inventory_movements 
       drop constraint if exists FKgwxt5afix8ciugme25jd89hfp
Hibernate: 
    alter table if exists inventory_movements 
       drop constraint if exists FK3m1c3e0h990vv70f7suuc9h1l
Hibernate: 
    alter table if exists inventory_movements 
       drop constraint if exists FKd4hcef223t1l6vmc72kb7iqim
Hibernate: 
    alter table if exists inventory_movements 
       drop constraint if exists FK7lws1ve8g6b9itc054wj06uit
Hibernate: 
    alter table if exists inventory_stock 
       drop constraint if exists FK78acy8wbfo4lgld4uaura4ope
Hibernate: 
    alter table if exists inventory_stock 
       drop constraint if exists FK8lg1rxvcddib924nmunq6k4tu
Hibernate: 
    alter table if exists order_details 
       drop constraint if exists FKjyu2qbqt8gnvno9oe9j2s2ldk
Hibernate: 
    alter table if exists order_details 
       drop constraint if exists FK4q98utpd73imf4yhttm3w0eax
Hibernate: 
    alter table if exists orders 
       drop constraint if exists FK8xumyehdyhksg6ijsi6ib9mar
Hibernate: 
    alter table if exists orders 
       drop constraint if exists FKcbbqf26brulgfgvd0mf74rv4y
Hibernate: 
    alter table if exists orders 
       drop constraint if exists FKa03ljb6t6oa6mqtoifuwkb0kw
Hibernate: 
    alter table if exists orders 
       drop constraint if exists FKrkhrp1dape261t3x3spj7l5ny
Hibernate: 
    alter table if exists orders 
       drop constraint if exists FK32ql8ubntj5uh44ph9659tiih
Hibernate: 
    alter table if exists permissions 
       drop constraint if exists fk_permissions_resource
Hibernate: 
    alter table if exists product_compositions 
       drop constraint if exists FKafdwhcaeok20bbuk7bn08d7ks
Hibernate: 
    alter table if exists product_compositions 
       drop constraint if exists FKlnfb02okke67omu3ciskjfbo5
Hibernate: 
    alter table if exists product_compositions 
       drop constraint if exists FK5jrwnigm356wx3cwo3fci8y3i
Hibernate: 
    alter table if exists products 
       drop constraint if exists FKrv6og3b2qlahvka0bxn7btyqd
Hibernate: 
    alter table if exists products 
       drop constraint if exists FKappm930ygdfv4qkkhc05pbr5s
Hibernate: 
    alter table if exists products 
       drop constraint if exists FKlwfhx3rqfad9of9egbt52mojw
Hibernate: 
    alter table if exists role_has_permission 
       drop constraint if exists FKgvtkd38qqxrjrjpdawwn6i2dc
Hibernate: 
    alter table if exists role_has_permission 
       drop constraint if exists FK4tkb5h6g9725voio02abkw8cq
Hibernate: 
    alter table if exists role_has_permission 
       drop constraint if exists FKl5t2ucrudh92ach6bddb918kp
Hibernate: 
    alter table if exists subcategories 
       drop constraint if exists fk_subcategories_category
Hibernate: 
    alter table if exists tables 
       drop constraint if exists FKjy9rdfcf388e1w9vn082img1o
Hibernate: 
    alter table if exists users 
       drop constraint if exists FK1y3vsowuanfyl0ss85dyg2yp4
Hibernate: 
    alter table if exists users 
       drop constraint if exists FKdk0xfnnthbj8afp1ira6sndte
Hibernate: 
    alter table if exists users 
       drop constraint if exists FKp56c1712k691lhsyewcssf40f
Hibernate: 
    drop table if exists categories cascade
Hibernate: 
    drop table if exists document_types cascade
Hibernate: 
    drop table if exists inventory_limits cascade
Hibernate: 
    drop table if exists inventory_movements cascade
Hibernate: 
    drop table if exists inventory_stock cascade
Hibernate: 
    drop table if exists locations cascade
Hibernate: 
    drop table if exists movement_types cascade
Hibernate: 
    drop table if exists order_details cascade
Hibernate: 
    drop table if exists order_statuses cascade
Hibernate: 
    drop table if exists orders cascade
Hibernate: 
    drop table if exists payment_methods cascade
Hibernate: 
    drop table if exists permissions cascade
Hibernate: 
    drop table if exists product_compositions cascade
Hibernate: 
    drop table if exists product_types cascade
Hibernate: 
    drop table if exists products cascade
Hibernate: 
    drop table if exists resources cascade
Hibernate: 
    drop table if exists role_has_permission cascade
Hibernate: 
    drop table if exists roles cascade
Hibernate: 
    drop table if exists subcategories cascade
Hibernate: 
    drop table if exists tables cascade
Hibernate: 
    drop table if exists units_of_measure cascade
Hibernate: 
    drop table if exists users cascade
Hibernate: 
    create table categories (
        id bigint generated by default as identity,
        name varchar(255) not null,
        primary key (id),
        constraint categories_name_key unique (name)
    )
Hibernate: 
    create table document_types (
        id bigint generated by default as identity,
        name varchar(50) not null,
        description varchar(255),
        primary key (id),
        constraint document_types_name_key unique (name)
    )
Hibernate: 
    create table inventory_limits (
        id bigint generated by default as identity,
        location_id bigint not null,
        max_stock bigint check (max_stock>=1),
        min_stock bigint not null check (min_stock>=0),
        product_id bigint not null,
        primary key (id),
        constraint uk_product_location_limits unique (product_id, location_id)
    )
Hibernate: 
    create table inventory_movements (
        quantity integer not null,
        unit_cost numeric(10,2),
        created_by bigint not null,
        id bigint generated by default as identity,
        inventory_stock_id bigint not null,
        movement_date timestamp(6) not null,
        movement_type_id bigint not null,
        order_id bigint,
        product_id bigint not null,
        notes varchar(500),
        reference varchar(255),
        primary key (id)
    )
Hibernate: 
    create table inventory_stock (
        created_at timestamp(6) not null,
        current_stock bigint not null check (current_stock>=0),
        id bigint generated by default as identity,
        location_id bigint not null,
        product_id bigint not null,
        updated_at timestamp(6) not null,
        primary key (id),
        constraint uk_product_location unique (product_id, location_id)
    )
Hibernate: 
    create table locations (
        active boolean not null,
        created_at timestamp(6) not null,
        id bigint generated by default as identity,
        updated_at timestamp(6) not null,
        phone varchar(20),
        name varchar(100) not null,
        description varchar(500),
        address varchar(255) not null,
        primary key (id),
        constraint uk_location_name unique (name)
    )
Hibernate: 
    create table movement_types (
        affects_stock boolean not null,
        id bigint generated by default as identity,
        name varchar(50) not null,
        description varchar(255),
        primary key (id),
        constraint movement_types_name_key unique (name)
    )
Hibernate: 
    create table order_details (
        quantity integer not null check (quantity>=1),
        subtotal numeric(10,2) not null,
        unit_price numeric(10,2) not null,
        id bigint generated by default as identity,
        order_id bigint not null,
        product_id bigint not null,
        product_notes varchar(255),
        primary key (id)
    )
Hibernate: 
    create table order_statuses (
        id bigint generated by default as identity,
        name varchar(50) not null,
        description varchar(255),
        primary key (id),
        constraint order_statuses_name_key unique (name)
    )
Hibernate: 
    create table orders (
        is_paid boolean not null,
        total_amount numeric(10,2) not null,
        completed_date timestamp(6),
        created_at timestamp(6) not null,
        id bigint generated by default as identity,
        location_id bigint not null,
        order_date timestamp(6) not null,
        order_status_id bigint not null,
        payment_method_id bigint,
        table_id bigint,
        updated_at timestamp(6) not null,
        user_id bigint not null,
        order_number varchar(255) not null unique,
        primary key (id)
    )
Hibernate: 
    create table payment_methods (
        id bigint generated by default as identity,
        name varchar(50) not null,
        description varchar(255),
        primary key (id),
        constraint payment_methods_name_key unique (name)
    )
Hibernate: 
    create table permissions (
        id bigint generated by default as identity,
        resource_id bigint,
        description varchar(255),
        name varchar(255) not null,
        primary key (id),
        constraint permissions_name_key unique (name)
    )
Hibernate: 
    create table product_compositions (
        quantity float(53) not null,
        composite_product_id bigint not null,
        id bigint generated by default as identity,
        ingredient_product_id bigint not null,
        unit_of_measure_id bigint not null,
        primary key (id)
    )
Hibernate: 
    create table product_types (
        id bigint generated by default as identity,
        name varchar(50) not null,
        description varchar(255),
        primary key (id),
        constraint product_types_name_key unique (name)
    )
Hibernate: 
    create table products (
        active boolean not null,
        purchase_price numeric(10,2) not null,
        sale_price numeric(10,2) not null,
        created_at timestamp(6) not null,
        id bigint generated by default as identity,
        product_type_id bigint not null,
        subcategory_id bigint not null,
        unit_of_measure_id bigint not null,
        updated_at timestamp(6) not null,
        description varchar(255) not null,
        name varchar(255) not null,
        primary key (id)
    )
Hibernate: 
    create table resources (
        id bigint generated by default as identity,
        name varchar(255) not null,
        primary key (id),
        constraint resources_name_key unique (name)
    )
Hibernate: 
    create table role_has_permission (
        assigned_at timestamp(6) not null,
        assigned_by bigint not null,
        id bigint generated by default as identity,
        permission_id bigint not null,
        role_id bigint not null,
        primary key (id)
    )
Hibernate: 
    create table roles (
        id bigint generated by default as identity,
        name varchar(30) not null,
        description varchar(100),
        primary key (id),
        constraint roles_name_key unique (name)
    )
Hibernate: 
    create table subcategories (
        category_id bigint,
        id bigint generated by default as identity,
        name varchar(255) not null,
        primary key (id)
    )
Hibernate: 
    create table tables (
        active boolean not null,
        capacity integer not null,
        id bigint generated by default as identity,
        location_id bigint not null,
        description varchar(255),
        number varchar(255) not null,
        primary key (id),
        constraint uk_table_number_location unique (number, location_id)
    )
Hibernate: 
    create table units_of_measure (
        id bigint generated by default as identity,
        symbol varchar(10) not null,
        name varchar(50) not null,
        primary key (id),
        constraint units_of_measure_name_key unique (name)
    )
Hibernate: 
    create table users (
        active boolean not null,
        created_at timestamp(6) not null,
        document_type_id bigint not null,
        id bigint generated by default as identity,
        last_login timestamp(6),
        location_id bigint not null,
        role_id bigint not null,
        updated_at timestamp(6) not null,
        document varchar(50) not null,
        email varchar(255) not null,
        last_name varchar(255) not null,
        name varchar(255) not null,
        password varchar(255) not null,
        username varchar(255) not null,
        primary key (id),
        constraint uk_user_username unique (username),
        constraint uk_user_email unique (email),
        constraint uk_user_document unique (document)
    )
Hibernate: 
    alter table if exists inventory_limits 
       add constraint FKcxop6lvbubhk69jo3gft7djpi 
       foreign key (location_id) 
       references locations
Hibernate: 
    alter table if exists inventory_limits 
       add constraint FK1u6gb2mxjeyeo5txttc4mtx13 
       foreign key (product_id) 
       references products
Hibernate: 
    alter table if exists inventory_movements 
       add constraint FKo5wo5rt3i3bvxti09ohclqs06 
       foreign key (created_by) 
       references users
Hibernate: 
    alter table if exists inventory_movements 
       add constraint FKgwxt5afix8ciugme25jd89hfp 
       foreign key (inventory_stock_id) 
       references inventory_stock
Hibernate: 
    alter table if exists inventory_movements 
       add constraint FK3m1c3e0h990vv70f7suuc9h1l 
       foreign key (movement_type_id) 
       references movement_types
Hibernate: 
    alter table if exists inventory_movements 
       add constraint FKd4hcef223t1l6vmc72kb7iqim 
       foreign key (order_id) 
       references orders
Hibernate: 
    alter table if exists inventory_movements 
       add constraint FK7lws1ve8g6b9itc054wj06uit 
       foreign key (product_id) 
       references products
Hibernate: 
    alter table if exists inventory_stock 
       add constraint FK78acy8wbfo4lgld4uaura4ope 
       foreign key (location_id) 
       references locations
Hibernate: 
    alter table if exists inventory_stock 
       add constraint FK8lg1rxvcddib924nmunq6k4tu 
       foreign key (product_id) 
       references products
Hibernate: 
    alter table if exists order_details 
       add constraint FKjyu2qbqt8gnvno9oe9j2s2ldk 
       foreign key (order_id) 
       references orders
Hibernate: 
    alter table if exists order_details 
       add constraint FK4q98utpd73imf4yhttm3w0eax 
       foreign key (product_id) 
       references products
Hibernate: 
    alter table if exists orders 
       add constraint FK8xumyehdyhksg6ijsi6ib9mar 
       foreign key (location_id) 
       references locations
Hibernate: 
    alter table if exists orders 
       add constraint FKcbbqf26brulgfgvd0mf74rv4y 
       foreign key (order_status_id) 
       references order_statuses
Hibernate: 
    alter table if exists orders 
       add constraint FKa03ljb6t6oa6mqtoifuwkb0kw 
       foreign key (payment_method_id) 
       references payment_methods
Hibernate: 
    alter table if exists orders 
       add constraint FKrkhrp1dape261t3x3spj7l5ny 
       foreign key (table_id) 
       references tables
Hibernate: 
    alter table if exists orders 
       add constraint FK32ql8ubntj5uh44ph9659tiih 
       foreign key (user_id) 
       references users
Hibernate: 
    alter table if exists permissions 
       add constraint fk_permissions_resource 
       foreign key (resource_id) 
       references resources
Hibernate: 
    alter table if exists product_compositions 
       add constraint FKafdwhcaeok20bbuk7bn08d7ks 
       foreign key (composite_product_id) 
       references products
Hibernate: 
    alter table if exists product_compositions 
       add constraint FKlnfb02okke67omu3ciskjfbo5 
       foreign key (ingredient_product_id) 
       references products
Hibernate: 
    alter table if exists product_compositions 
       add constraint FK5jrwnigm356wx3cwo3fci8y3i 
       foreign key (unit_of_measure_id) 
       references units_of_measure
Hibernate: 
    alter table if exists products 
       add constraint FKrv6og3b2qlahvka0bxn7btyqd 
       foreign key (product_type_id) 
       references product_types
Hibernate: 
    alter table if exists products 
       add constraint FKappm930ygdfv4qkkhc05pbr5s 
       foreign key (subcategory_id) 
       references subcategories
Hibernate: 
    alter table if exists products 
       add constraint FKlwfhx3rqfad9of9egbt52mojw 
       foreign key (unit_of_measure_id) 
       references units_of_measure
Hibernate: 
    alter table if exists role_has_permission 
       add constraint FKgvtkd38qqxrjrjpdawwn6i2dc 
       foreign key (assigned_by) 
       references users
Hibernate: 
    alter table if exists role_has_permission 
       add constraint FK4tkb5h6g9725voio02abkw8cq 
       foreign key (permission_id) 
       references permissions
Hibernate: 
    alter table if exists role_has_permission 
       add constraint FKl5t2ucrudh92ach6bddb918kp 
       foreign key (role_id) 
       references roles
Hibernate: 
    alter table if exists subcategories 
       add constraint fk_subcategories_category 
       foreign key (category_id) 
       references categories
Hibernate: 
    alter table if exists tables 
       add constraint FKjy9rdfcf388e1w9vn082img1o 
       foreign key (location_id) 
       references locations
Hibernate: 
    alter table if exists users 
       add constraint FK1y3vsowuanfyl0ss85dyg2yp4 
       foreign key (document_type_id) 
       references document_types
Hibernate: 
    alter table if exists users 
       add constraint FKdk0xfnnthbj8afp1ira6sndte 
       foreign key (location_id) 
       references locations
Hibernate: 
    alter table if exists users 
       add constraint FKp56c1712k691lhsyewcssf40f 
       foreign key (role_id) 
       references roles
2025-03-22T13:55:05.373-05:00  INFO 18924 --- [velvet] [           main] j.LocalContainerEntityManagerFactoryBean : Initialized JPA EntityManagerFactory for persistence unit 'default'
2025-03-22T13:55:05.686-05:00  WARN 18924 --- [velvet] [           main] JpaBaseConfiguration$JpaWebConfiguration : spring.jpa.open-in-view is enabled by default. Therefore, database queries may be performed during view rendering. Explicitly configure spring.jpa.open-in-view to disable this warning
2025-03-22T13:55:06.287-05:00  WARN 18924 --- [velvet] [           main] .s.s.UserDetailsServiceAutoConfiguration : 

Using generated security password: 5c850bec-5e88-48e1-94bc-f82dd458bffe

This generated password is for development use only. Your security configuration must be updated before running your application in production.

2025-03-22T13:55:06.313-05:00  INFO 18924 --- [velvet] [           main] r$InitializeUserDetailsManagerConfigurer : Global AuthenticationManager configured with UserDetailsService bean with name inMemoryUserDetailsManager
2025-03-22T13:55:06.550-05:00  INFO 18924 --- [velvet] [           main] c.u.velvet.VelvetApplicationTests        : Started VelvetApplicationTests in 7.098 seconds (process running for 8.353)
]]></system-out>
    <system-err><![CDATA[Mockito is currently self-attaching to enable the inline-mock-maker. This will no longer work in future releases of the JDK. Please add Mockito as an agent to your build what is described in Mockito's documentation: https://javadoc.io/doc/org.mockito/mockito-core/latest/org/mockito/Mockito.html#0.3
WARNING: A Java agent has been loaded dynamically (C:\Users\andre\.m2\repository\net\bytebuddy\byte-buddy-agent\1.15.11\byte-buddy-agent-1.15.11.jar)
WARNING: If a serviceability tool is in use, please run with -XX:+EnableDynamicAgentLoading to hide this warning
WARNING: If a serviceability tool is not in use, please run with -Djdk.instrument.traceUsage for more information
WARNING: Dynamic loading of agents will be disallowed by default in a future release
]]></system-err>
  </testcase>
</testsuite>