<?xml version="1.0" encoding="UTF-8"?>
<testsuite xmlns:xsi="http://www.w3.org/2001/XMLSchema-instance" xsi:noNamespaceSchemaLocation="https://maven.apache.org/surefire/maven-surefire-plugin/xsd/surefire-test-report.xsd" version="3.0.2" name="com.uniminuto.velvet.VelvetApplicationTests" time="11.762" tests="1" errors="0" skipped="0" failures="0">
  <properties>
[...]
</properties>
  <testcase name="contextLoads" classname="com.uniminuto.velvet.VelvetApplicationTests" time="0.699">
    <system-out><![CDATA[Standard Commons Logging discovery in action with spring-jcl: please remove commons-logging.jar from classpath in order to avoid potential conflicts
22:46:09.988 [main] INFO org.springframework.test.context.support.AnnotationConfigContextLoaderUtils -- Could not detect default configuration classes for test class [com.uniminuto.velvet.VelvetApplicationTests]: VelvetApplicationTests does not declare any static, non-private, non-final, nested classes annotated with @Configuration.
22:46:10.133 [main] INFO org.springframework.boot.test.context.SpringBootTestContextBootstrapper -- Found @SpringBootConfiguration com.uniminuto.velvet.VelvetApplication for test class com.uniminuto.velvet.VelvetApplicationTests

  .   ____          _            __ _ _
 /\\ / ___'_ __ _ _(_)_ __  __ _ \ \ \ \
( ( )\___ | '_ | '_| | '_ \/ _` | \ \ \ \
 \\/  ___)| |_)| | | | | || (_| |  ) ) ) )
  '  |____| .__|_| |_|_| |_\__, | / / / /
 =========|_|==============|___/=/_/_/_/

 :: Spring Boot ::                (v3.4.4)

2025-03-26T22:46:10.825-05:00  INFO 19964 --- [velvet] [           main] c.u.velvet.VelvetApplicationTests        : Starting VelvetApplicationTests using Java 21.0.5 with PID 19964 (started by andre in C:\Users\andre\OneDrive\Escritorio\velvet)
2025-03-26T22:46:10.829-05:00  INFO 19964 --- [velvet] [           main] c.u.velvet.VelvetApplicationTests        : No active profile set, falling back to 1 default profile: "default"
2025-03-26T22:46:12.911-05:00  INFO 19964 --- [velvet] [           main] .s.d.r.c.RepositoryConfigurationDelegate : Bootstrapping Spring Data JPA repositories in DEFAULT mode.
2025-03-26T22:46:13.131-05:00  INFO 19964 --- [velvet] [           main] .s.d.r.c.RepositoryConfigurationDelegate : Finished Spring Data repository scanning in 198 ms. Found 22 JPA repository interfaces.
2025-03-26T22:46:14.383-05:00  INFO 19964 --- [velvet] [           main] o.hibernate.jpa.internal.util.LogHelper  : HHH000204: Processing PersistenceUnitInfo [name: default]
2025-03-26T22:46:14.503-05:00  INFO 19964 --- [velvet] [           main] org.hibernate.Version                    : HHH000412: Hibernate ORM core version 6.6.11.Final
2025-03-26T22:46:14.573-05:00  INFO 19964 --- [velvet] [           main] o.h.c.internal.RegionFactoryInitiator    : HHH000026: Second-level cache disabled
2025-03-26T22:46:15.053-05:00  INFO 19964 --- [velvet] [           main] o.s.o.j.p.SpringPersistenceUnitInfo      : No LoadTimeWeaver setup: ignoring JPA class transformer
2025-03-26T22:46:15.127-05:00  INFO 19964 --- [velvet] [           main] com.zaxxer.hikari.HikariDataSource       : HikariPool-1 - Starting...
2025-03-26T22:46:15.421-05:00  INFO 19964 --- [velvet] [           main] com.zaxxer.hikari.pool.HikariPool        : HikariPool-1 - Added connection org.postgresql.jdbc.PgConnection@7805478c
2025-03-26T22:46:15.429-05:00  INFO 19964 --- [velvet] [           main] com.zaxxer.hikari.HikariDataSource       : HikariPool-1 - Start completed.
2025-03-26T22:46:15.461-05:00  WARN 19964 --- [velvet] [           main] org.hibernate.orm.deprecation            : HHH90000025: PostgreSQLDialect does not need to be specified explicitly using 'hibernate.dialect' (remove the property setting and it will be selected by default)
2025-03-26T22:46:15.492-05:00  INFO 19964 --- [velvet] [           main] org.hibernate.orm.connections.pooling    : HHH10001005: Database info:
	Database JDBC URL [Connecting through datasource 'HikariDataSource (HikariPool-1)']
	Database driver: undefined/unknown
	Database version: 17.2
	Autocommit mode: undefined/unknown
	Isolation level: undefined/unknown
	Minimum pool size: undefined/unknown
	Maximum pool size: undefined/unknown
2025-03-26T22:46:17.337-05:00  INFO 19964 --- [velvet] [           main] o.h.e.t.j.p.i.JtaPlatformInitiator       : HHH000489: No JTA platform available (set 'hibernate.transaction.jta.platform' to enable JTA platform integration)
2025-03-26T22:46:17.614-05:00  INFO 19964 --- [velvet] [           main] j.LocalContainerEntityManagerFactoryBean : Initialized JPA EntityManagerFactory for persistence unit 'default'
2025-03-26T22:46:18.699-05:00  WARN 19964 --- [velvet] [           main] JpaBaseConfiguration$JpaWebConfiguration : spring.jpa.open-in-view is enabled by default. Therefore, database queries may be performed during view rendering. Explicitly configure spring.jpa.open-in-view to disable this warning
2025-03-26T22:46:18.755-05:00  WARN 19964 --- [velvet] [           main] .s.s.UserDetailsServiceAutoConfiguration : 

Using generated security password: 8f8d1f9f-7fd8-4e1f-b69b-024297a88a19

This generated password is for development use only. Your security configuration must be updated before running your application in production.

2025-03-26T22:46:18.782-05:00  INFO 19964 --- [velvet] [           main] r$InitializeUserDetailsManagerConfigurer : Global AuthenticationManager configured with UserDetailsService bean with name inMemoryUserDetailsManager
2025-03-26T22:46:19.793-05:00  INFO 19964 --- [velvet] [           main] o.s.b.a.e.web.EndpointLinksResolver      : Exposing 1 endpoint beneath base path '/actuator'
2025-03-26T22:46:20.680-05:00  INFO 19964 --- [velvet] [           main] c.u.velvet.VelvetApplicationTests        : Started VelvetApplicationTests in 10.364 seconds (process running for 11.672)
]]></system-out>
    <system-err><![CDATA[Mockito is currently self-attaching to enable the inline-mock-maker. This will no longer work in future releases of the JDK. Please add Mockito as an agent to your build what is described in Mockito's documentation: https://javadoc.io/doc/org.mockito/mockito-core/latest/org/mockito/Mockito.html#0.3
WARNING: A Java agent has been loaded dynamically (C:\Users\andre\.m2\repository\net\bytebuddy\byte-buddy-agent\1.15.11\byte-buddy-agent-1.15.11.jar)
WARNING: If a serviceability tool is in use, please run with -XX:+EnableDynamicAgentLoading to hide this warning
WARNING: If a serviceability tool is not in use, please run with -Djdk.instrument.traceUsage for more information
WARNING: Dynamic loading of agents will be disallowed by default in a future release
]]></system-err>
  </testcase>
</testsuite>